<?xml version="1.0" encoding="UTF-8"?>
<!-- Generated by org.testng.reporters.JUnitReportReporter -->
<testsuite hostname="I5510AC" failures="0" tests="1" name="com.inetbanking.testCases.TC_LoginTest_001" time="12.766" errors="0" timestamp="2023-02-09T09:38:03 CET" skipped="0">
  <testcase classname="com.inetbanking.testCases.TC_LoginTest_001" name="loginTest" time="12.766"/>
  <system-out/>
</testsuite> <!-- com.inetbanking.testCases.TC_LoginTest_001 -->
